<?xml version="1.0" encoding="UTF-8"?>
<!-- Generated by org.testng.reporters.JUnitXMLReporter -->
<testsuite ignored="0" hostname="CYBERSPACE" failures="0" tests="14" name="Default test" time="187.009" errors="0" timestamp="2020-08-24T22:47:14 IST">
  <testcase classname="zaiservepackage.Logintest" name="test_one" time="2.202"/>
  <testcase classname="zaiservepackage.Logintest" name="test_userid_password" time="1.501"/>
  <testcase classname="zaiservepackage.Logintest" name="test_three" time="1.591"/>
  <testcase classname="zaiservepackage.Logintest" name="test_four" time="0.299"/>
  <testcase classname="zaiservepackage.Logintest" name="test_five" time="0.323"/>
  <testcase classname="zaiservepackage.Logintest" name="test_six" time="0.383"/>
  <testcase classname="zaiservepackage.Logintest" name="test_eighta" time="0.03"/>
  <testcase classname="zaiservepackage.Logintest" name="test_seven" time="0.376"/>
  <testcase classname="zaiservepackage.Logintest" name="test_eight" time="0.029"/>
  <testcase classname="zaiservepackage.Logintest" name="test_nine" time="0.025"/>
  <testcase classname="zaiservepackage.Logintest" name="test_ten" time="0.034"/>
  <testcase classname="zaiservepackage.Logintest" name="test_eleven" time="0.03"/>
  <testcase classname="zaiservepackage.Logintest" name="test_tweleve" time="0.0"/>
  <testcase classname="zaiservepackage.Logintest" name="test_thirteen" time="0.056"/>
</testsuite> <!-- Default test -->
